2023-11-04 14:17:18 [scrapy.utils.log] INFO: Scrapy 2.11.0 started (bot: DouyinSpider)
2023-11-04 14:17:18 [scrapy.utils.log] INFO: Versions: lxml 4.9.3.0, libxml2 2.10.3, cssselect 1.2.0, parsel 1.8.1, w3lib 2.1.2, Twisted 22.10.0, Python 3.12.0 (tags/v3.12.0:0fb18b0, Oct  2 2023, 13:03:39) [MSC v.1935 64 bit (AMD64)], pyOpenSSL 23.3.0 (OpenSSL 3.1.4 24 Oct 2023), cryptography 41.0.5, Platform Windows-11-10.0.22621-SP0
2023-11-04 14:17:18 [scrapy.addons] INFO: Enabled addons:
[]
2023-11-04 14:17:18 [asyncio] DEBUG: Using selector: SelectSelector
2023-11-04 14:17:18 [scrapy.utils.log] DEBUG: Using reactor: twisted.internet.asyncioreactor.AsyncioSelectorReactor
2023-11-04 14:17:18 [scrapy.utils.log] DEBUG: Using asyncio event loop: asyncio.windows_events._WindowsSelectorEventLoop
2023-11-04 14:17:19 [scrapy.extensions.telnet] INFO: Telnet Password: bb438ac313c1709b
2023-11-04 14:17:19 [scrapy.middleware] INFO: Enabled extensions:
['scrapy.extensions.corestats.CoreStats',
 'scrapy.extensions.telnet.TelnetConsole',
 'scrapy.extensions.logstats.LogStats']
2023-11-04 14:17:19 [scrapy.crawler] INFO: Overridden settings:
{'BOT_NAME': 'DouyinSpider',
 'FEED_EXPORT_ENCODING': 'utf-8',
 'LOG_FILE': 'douyin-spider.log',
 'NEWSPIDER_MODULE': 'DouyinSpider.spiders',
 'REQUEST_FINGERPRINTER_IMPLEMENTATION': '2.7',
 'SPIDER_MODULES': ['DouyinSpider.spiders'],
 'TWISTED_REACTOR': 'twisted.internet.asyncioreactor.AsyncioSelectorReactor'}
2023-11-04 14:17:19 [scrapy.middleware] INFO: Enabled downloader middlewares:
['scrapy.downloadermiddlewares.httpauth.HttpAuthMiddleware',
 'scrapy.downloadermiddlewares.downloadtimeout.DownloadTimeoutMiddleware',
 'scrapy.downloadermiddlewares.defaultheaders.DefaultHeadersMiddleware',
 'scrapy.downloadermiddlewares.useragent.UserAgentMiddleware',
 'scrapy.downloadermiddlewares.retry.RetryMiddleware',
 'scrapy.downloadermiddlewares.redirect.MetaRefreshMiddleware',
 'scrapy.downloadermiddlewares.httpcompression.HttpCompressionMiddleware',
 'scrapy.downloadermiddlewares.redirect.RedirectMiddleware',
 'scrapy.downloadermiddlewares.cookies.CookiesMiddleware',
 'scrapy.downloadermiddlewares.httpproxy.HttpProxyMiddleware',
 'scrapy.downloadermiddlewares.stats.DownloaderStats']
2023-11-04 14:17:19 [scrapy.middleware] INFO: Enabled spider middlewares:
['scrapy.spidermiddlewares.httperror.HttpErrorMiddleware',
 'scrapy.spidermiddlewares.offsite.OffsiteMiddleware',
 'scrapy.spidermiddlewares.referer.RefererMiddleware',
 'scrapy.spidermiddlewares.urllength.UrlLengthMiddleware',
 'scrapy.spidermiddlewares.depth.DepthMiddleware']
2023-11-04 14:17:19 [scrapy.middleware] INFO: Enabled item pipelines:
[]
2023-11-04 14:17:19 [scrapy.core.engine] INFO: Spider opened
2023-11-04 14:17:19 [scrapy.extensions.logstats] INFO: Crawled 0 pages (at 0 pages/min), scraped 0 items (at 0 items/min)
2023-11-04 14:17:19 [scrapy.extensions.telnet] INFO: Telnet console listening on 127.0.0.1:6024
2023-11-04 14:17:24 [scrapy.core.engine] DEBUG: Crawled (444) <GET https://www.douyin.com/user/MS4wLjABAAAA0W6MrnV7YIYmneCLCypeKVoZj4VDk9amQorNZ8aIVfs> (referer: None)
2023-11-04 14:17:25 [scrapy.spidermiddlewares.httperror] INFO: Ignoring response <444 https://www.douyin.com/user/MS4wLjABAAAA0W6MrnV7YIYmneCLCypeKVoZj4VDk9amQorNZ8aIVfs>: HTTP status code is not handled or not allowed
2023-11-04 14:17:25 [scrapy.core.engine] INFO: Closing spider (finished)
2023-11-04 14:17:25 [scrapy.statscollectors] INFO: Dumping Scrapy stats:
{'downloader/request_bytes': 275,
 'downloader/request_count': 1,
 'downloader/request_method_count/GET': 1,
 'downloader/response_bytes': 871,
 'downloader/response_count': 1,
 'downloader/response_status_count/444': 1,
 'elapsed_time_seconds': 5.16449,
 'finish_reason': 'finished',
 'finish_time': datetime.datetime(2023, 11, 4, 6, 17, 25, 101685, tzinfo=datetime.timezone.utc),
 'httperror/response_ignored_count': 1,
 'httperror/response_ignored_status_count/444': 1,
 'log_count/DEBUG': 4,
 'log_count/INFO': 11,
 'response_received_count': 1,
 'scheduler/dequeued': 1,
 'scheduler/dequeued/memory': 1,
 'scheduler/enqueued': 1,
 'scheduler/enqueued/memory': 1,
 'start_time': datetime.datetime(2023, 11, 4, 6, 17, 19, 937195, tzinfo=datetime.timezone.utc)}
2023-11-04 14:17:25 [scrapy.core.engine] INFO: Spider closed (finished)
2023-11-04 14:18:33 [scrapy.utils.log] INFO: Scrapy 2.11.0 started (bot: DouyinSpider)
2023-11-04 14:18:33 [scrapy.utils.log] INFO: Versions: lxml 4.9.3.0, libxml2 2.10.3, cssselect 1.2.0, parsel 1.8.1, w3lib 2.1.2, Twisted 22.10.0, Python 3.12.0 (tags/v3.12.0:0fb18b0, Oct  2 2023, 13:03:39) [MSC v.1935 64 bit (AMD64)], pyOpenSSL 23.3.0 (OpenSSL 3.1.4 24 Oct 2023), cryptography 41.0.5, Platform Windows-11-10.0.22621-SP0
2023-11-04 14:18:33 [scrapy.addons] INFO: Enabled addons:
[]
2023-11-04 14:18:33 [asyncio] DEBUG: Using selector: SelectSelector
2023-11-04 14:18:33 [scrapy.utils.log] DEBUG: Using reactor: twisted.internet.asyncioreactor.AsyncioSelectorReactor
2023-11-04 14:18:33 [scrapy.utils.log] DEBUG: Using asyncio event loop: asyncio.windows_events._WindowsSelectorEventLoop
2023-11-04 14:18:33 [scrapy.extensions.telnet] INFO: Telnet Password: a25f3b2620b85abc
2023-11-04 14:18:33 [scrapy.middleware] INFO: Enabled extensions:
['scrapy.extensions.corestats.CoreStats',
 'scrapy.extensions.telnet.TelnetConsole',
 'scrapy.extensions.logstats.LogStats']
2023-11-04 14:18:33 [scrapy.crawler] INFO: Overridden settings:
{'BOT_NAME': 'DouyinSpider',
 'FEED_EXPORT_ENCODING': 'utf-8',
 'LOG_FILE': 'douyin-spider.log',
 'NEWSPIDER_MODULE': 'DouyinSpider.spiders',
 'REQUEST_FINGERPRINTER_IMPLEMENTATION': '2.7',
 'SPIDER_MODULES': ['DouyinSpider.spiders'],
 'TWISTED_REACTOR': 'twisted.internet.asyncioreactor.AsyncioSelectorReactor'}
2023-11-04 14:18:34 [scrapy.middleware] INFO: Enabled downloader middlewares:
['scrapy.downloadermiddlewares.httpauth.HttpAuthMiddleware',
 'scrapy.downloadermiddlewares.downloadtimeout.DownloadTimeoutMiddleware',
 'scrapy.downloadermiddlewares.defaultheaders.DefaultHeadersMiddleware',
 'scrapy.downloadermiddlewares.useragent.UserAgentMiddleware',
 'scrapy.downloadermiddlewares.retry.RetryMiddleware',
 'scrapy.downloadermiddlewares.redirect.MetaRefreshMiddleware',
 'scrapy.downloadermiddlewares.httpcompression.HttpCompressionMiddleware',
 'scrapy.downloadermiddlewares.redirect.RedirectMiddleware',
 'scrapy.downloadermiddlewares.cookies.CookiesMiddleware',
 'scrapy.downloadermiddlewares.httpproxy.HttpProxyMiddleware',
 'scrapy.downloadermiddlewares.stats.DownloaderStats']
2023-11-04 14:18:34 [scrapy.middleware] INFO: Enabled spider middlewares:
['scrapy.spidermiddlewares.httperror.HttpErrorMiddleware',
 'scrapy.spidermiddlewares.offsite.OffsiteMiddleware',
 'scrapy.spidermiddlewares.referer.RefererMiddleware',
 'scrapy.spidermiddlewares.urllength.UrlLengthMiddleware',
 'scrapy.spidermiddlewares.depth.DepthMiddleware']
2023-11-04 14:18:34 [scrapy.middleware] INFO: Enabled item pipelines:
[]
2023-11-04 14:18:34 [scrapy.core.engine] INFO: Spider opened
2023-11-04 14:18:34 [scrapy.extensions.logstats] INFO: Crawled 0 pages (at 0 pages/min), scraped 0 items (at 0 items/min)
2023-11-04 14:18:34 [scrapy.extensions.telnet] INFO: Telnet console listening on 127.0.0.1:6024
2023-11-04 14:18:39 [scrapy.core.engine] DEBUG: Crawled (444) <GET https://www.douyin.com/user/MS4wLjABAAAA0W6MrnV7YIYmneCLCypeKVoZj4VDk9amQorNZ8aIVfs> (referer: None)
2023-11-04 14:18:39 [scrapy.spidermiddlewares.httperror] INFO: Ignoring response <444 https://www.douyin.com/user/MS4wLjABAAAA0W6MrnV7YIYmneCLCypeKVoZj4VDk9amQorNZ8aIVfs>: HTTP status code is not handled or not allowed
2023-11-04 14:18:39 [scrapy.core.engine] INFO: Closing spider (finished)
2023-11-04 14:18:39 [scrapy.statscollectors] INFO: Dumping Scrapy stats:
{'downloader/request_bytes': 275,
 'downloader/request_count': 1,
 'downloader/request_method_count/GET': 1,
 'downloader/response_bytes': 871,
 'downloader/response_count': 1,
 'downloader/response_status_count/444': 1,
 'elapsed_time_seconds': 5.167632,
 'finish_reason': 'finished',
 'finish_time': datetime.datetime(2023, 11, 4, 6, 18, 39, 663722, tzinfo=datetime.timezone.utc),
 'httperror/response_ignored_count': 1,
 'httperror/response_ignored_status_count/444': 1,
 'log_count/DEBUG': 4,
 'log_count/INFO': 11,
 'response_received_count': 1,
 'scheduler/dequeued': 1,
 'scheduler/dequeued/memory': 1,
 'scheduler/enqueued': 1,
 'scheduler/enqueued/memory': 1,
 'start_time': datetime.datetime(2023, 11, 4, 6, 18, 34, 496090, tzinfo=datetime.timezone.utc)}
2023-11-04 14:18:39 [scrapy.core.engine] INFO: Spider closed (finished)
2023-11-04 14:28:39 [scrapy.utils.log] INFO: Scrapy 2.11.0 started (bot: DouyinSpider)
2023-11-04 14:28:39 [scrapy.utils.log] INFO: Versions: lxml 4.9.3.0, libxml2 2.10.3, cssselect 1.2.0, parsel 1.8.1, w3lib 2.1.2, Twisted 22.10.0, Python 3.12.0 (tags/v3.12.0:0fb18b0, Oct  2 2023, 13:03:39) [MSC v.1935 64 bit (AMD64)], pyOpenSSL 23.3.0 (OpenSSL 3.1.4 24 Oct 2023), cryptography 41.0.5, Platform Windows-11-10.0.22621-SP0
2023-11-04 14:28:39 [scrapy.addons] INFO: Enabled addons:
[]
2023-11-04 14:28:39 [asyncio] DEBUG: Using selector: SelectSelector
2023-11-04 14:28:39 [scrapy.utils.log] DEBUG: Using reactor: twisted.internet.asyncioreactor.AsyncioSelectorReactor
2023-11-04 14:28:39 [scrapy.utils.log] DEBUG: Using asyncio event loop: asyncio.windows_events._WindowsSelectorEventLoop
2023-11-04 14:28:39 [scrapy.extensions.telnet] INFO: Telnet Password: 1918ed656ab0c978
2023-11-04 14:28:39 [scrapy.middleware] INFO: Enabled extensions:
['scrapy.extensions.corestats.CoreStats',
 'scrapy.extensions.telnet.TelnetConsole',
 'scrapy.extensions.logstats.LogStats']
2023-11-04 14:28:39 [scrapy.crawler] INFO: Overridden settings:
{'BOT_NAME': 'DouyinSpider',
 'FEED_EXPORT_ENCODING': 'utf-8',
 'LOG_FILE': 'douyin-spider.log',
 'NEWSPIDER_MODULE': 'DouyinSpider.spiders',
 'REQUEST_FINGERPRINTER_IMPLEMENTATION': '2.7',
 'SPIDER_MODULES': ['DouyinSpider.spiders'],
 'TWISTED_REACTOR': 'twisted.internet.asyncioreactor.AsyncioSelectorReactor'}
2023-11-04 14:28:40 [scrapy.middleware] INFO: Enabled downloader middlewares:
['scrapy.downloadermiddlewares.httpauth.HttpAuthMiddleware',
 'scrapy.downloadermiddlewares.downloadtimeout.DownloadTimeoutMiddleware',
 'scrapy.downloadermiddlewares.defaultheaders.DefaultHeadersMiddleware',
 'scrapy.downloadermiddlewares.useragent.UserAgentMiddleware',
 'scrapy.downloadermiddlewares.retry.RetryMiddleware',
 'scrapy.downloadermiddlewares.redirect.MetaRefreshMiddleware',
 'scrapy.downloadermiddlewares.httpcompression.HttpCompressionMiddleware',
 'scrapy.downloadermiddlewares.redirect.RedirectMiddleware',
 'scrapy.downloadermiddlewares.cookies.CookiesMiddleware',
 'scrapy.downloadermiddlewares.httpproxy.HttpProxyMiddleware',
 'scrapy.downloadermiddlewares.stats.DownloaderStats']
2023-11-04 14:28:40 [scrapy.middleware] INFO: Enabled spider middlewares:
['scrapy.spidermiddlewares.httperror.HttpErrorMiddleware',
 'scrapy.spidermiddlewares.offsite.OffsiteMiddleware',
 'scrapy.spidermiddlewares.referer.RefererMiddleware',
 'scrapy.spidermiddlewares.urllength.UrlLengthMiddleware',
 'scrapy.spidermiddlewares.depth.DepthMiddleware']
2023-11-04 14:28:40 [scrapy.middleware] INFO: Enabled item pipelines:
[]
2023-11-04 14:28:40 [scrapy.core.engine] INFO: Spider opened
2023-11-04 14:28:40 [scrapy.extensions.logstats] INFO: Crawled 0 pages (at 0 pages/min), scraped 0 items (at 0 items/min)
2023-11-04 14:28:40 [scrapy.extensions.telnet] INFO: Telnet console listening on 127.0.0.1:6024
2023-11-04 14:28:45 [scrapy.core.engine] DEBUG: Crawled (444) <GET https://www.douyin.com/user/MS4wLjABAAAA0W6MrnV7YIYmneCLCypeKVoZj4VDk9amQorNZ8aIVfs> (referer: None)
2023-11-04 14:28:45 [scrapy.spidermiddlewares.httperror] INFO: Ignoring response <444 https://www.douyin.com/user/MS4wLjABAAAA0W6MrnV7YIYmneCLCypeKVoZj4VDk9amQorNZ8aIVfs>: HTTP status code is not handled or not allowed
2023-11-04 14:28:45 [scrapy.core.engine] INFO: Closing spider (finished)
2023-11-04 14:28:45 [scrapy.statscollectors] INFO: Dumping Scrapy stats:
{'downloader/request_bytes': 275,
 'downloader/request_count': 1,
 'downloader/request_method_count/GET': 1,
 'downloader/response_bytes': 871,
 'downloader/response_count': 1,
 'downloader/response_status_count/444': 1,
 'elapsed_time_seconds': 5.14358,
 'finish_reason': 'finished',
 'finish_time': datetime.datetime(2023, 11, 4, 6, 28, 45, 599940, tzinfo=datetime.timezone.utc),
 'httperror/response_ignored_count': 1,
 'httperror/response_ignored_status_count/444': 1,
 'log_count/DEBUG': 4,
 'log_count/INFO': 11,
 'response_received_count': 1,
 'scheduler/dequeued': 1,
 'scheduler/dequeued/memory': 1,
 'scheduler/enqueued': 1,
 'scheduler/enqueued/memory': 1,
 'start_time': datetime.datetime(2023, 11, 4, 6, 28, 40, 456360, tzinfo=datetime.timezone.utc)}
2023-11-04 14:28:45 [scrapy.core.engine] INFO: Spider closed (finished)
